# JRE version: OpenJDK Runtime Environment (11.0.11+9) (build 11.0.11+9-b60-7590822)
# Java VM: OpenJDK 64-Bit Server VM (11.0.11+9-b60-7590822, mixed mode, tiered, compressed oops, g1 gc, windows-amd64)
Heap:
 garbage-first heap   total 92160K, used 59046K [0x0000000080000000, 0x0000000100000000)
  region size 1024K, 2 young (2048K), 2 survivors (2048K)
 Metaspace       used 50750K, capacity 52274K, committed 52352K, reserved 1103872K
  class space    used 6474K, capacity 6992K, committed 7040K, reserved 1048576K
GC Heap History (20 events):
Event: 30.043 GC heap before
{Heap before GC invocations=33 (full 0):
 garbage-first heap   total 63488K, used 51927K [0x0000000080000000, 0x0000000100000000)
  region size 1024K, 6 young (6144K), 1 survivors (1024K)
 Metaspace       used 44319K, capacity 45560K, committed 45824K, reserved 1089536K
  class space    used 5668K, capacity 6101K, committed 6144K, reserved 1048576K
}
Event: 30.050 GC heap after
{Heap after GC invocations=34 (full 0):
 garbage-first heap   total 76800K, used 48714K [0x0000000080000000, 0x0000000100000000)
  region size 1024K, 1 young (1024K), 1 survivors (1024K)
 Metaspace       used 44319K, capacity 45560K, committed 45824K, reserved 1089536K
  class space    used 5668K, capacity 6101K, committed 6144K, reserved 1048576K
}
Event: 30.732 GC heap before
{Heap before GC invocations=35 (full 0):
 garbage-first heap   total 76800K, used 58954K [0x0000000080000000, 0x0000000100000000)
  region size 1024K, 11 young (11264K), 1 survivors (1024K)
 Metaspace       used 45510K, capacity 46790K, committed 46976K, reserved 1089536K
  class space    used 5716K, capacity 6147K, committed 6272K, reserved 1048576K
}
Event: 30.739 GC heap after
{Heap after GC invocations=36 (full 0):
 garbage-first heap   total 76800K, used 49072K [0x0000000080000000, 0x0000000100000000)
  region size 1024K, 2 young (2048K), 2 survivors (2048K)
 Metaspace       used 45510K, capacity 46790K, committed 46976K, reserved 1089536K
  class space    used 5716K, capacity 6147K, committed 6272K, reserved 1048576K
}
Event: 31.017 GC heap before
{Heap before GC invocations=36 (full 0):
 garbage-first heap   total 76800K, used 59312K [0x0000000080000000, 0x0000000100000000)
  region size 1024K, 12 young (12288K), 2 survivors (2048K)
 Metaspace       used 45800K, capacity 47040K, committed 47232K, reserved 1089536K
  class space    used 5767K, capacity 6187K, committed 6272K, reserved 1048576K
}
Event: 31.028 GC heap after
{Heap after GC invocations=37 (full 0):
 garbage-first heap   total 76800K, used 49512K [0x0000000080000000, 0x0000000100000000)
  region size 1024K, 2 young (2048K), 2 survivors (2048K)
 Metaspace       used 45800K, capacity 47040K, committed 47232K, reserved 1089536K
  class space    used 5767K, capacity 6187K, committed 6272K, reserved 1048576K
}
Event: 31.770 GC heap before
{Heap before GC invocations=38 (full 0):
 garbage-first heap   total 76800K, used 60776K [0x0000000080000000, 0x0000000100000000)
  region size 1024K, 13 young (13312K), 2 survivors (2048K)
 Metaspace       used 46157K, capacity 47436K, committed 47488K, reserved 1091584K
  class space    used 5815K, capacity 6234K, committed 6272K, reserved 1048576K
}
Event: 31.789 GC heap after
{Heap after GC invocations=39 (full 0):
 garbage-first heap   total 76800K, used 50854K [0x0000000080000000, 0x0000000100000000)
  region size 1024K, 2 young (2048K), 2 survivors (2048K)
 Metaspace       used 46157K, capacity 47436K, committed 47488K, reserved 1091584K
  class space    used 5815K, capacity 6234K, committed 6272K, reserved 1048576K
}
Event: 32.198 GC heap before
{Heap before GC invocations=39 (full 0):
 garbage-first heap   total 76800K, used 56998K [0x0000000080000000, 0x0000000100000000)
  region size 1024K, 9 young (9216K), 2 survivors (2048K)
 Metaspace       used 46645K, capacity 47936K, committed 48128K, reserved 1091584K
  class space    used 5908K, capacity 6337K, committed 6400K, reserved 1048576K
}
Event: 32.272 GC heap after
{Heap after GC invocations=40 (full 0):
 garbage-first heap   total 92160K, used 51251K [0x0000000080000000, 0x0000000100000000)
  region size 1024K, 1 young (1024K), 1 survivors (1024K)
 Metaspace       used 46645K, capacity 47936K, committed 48128K, reserved 1091584K
  class space    used 5908K, capacity 6337K, committed 6400K, reserved 1048576K
}
Event: 34.094 GC heap before
{Heap before GC invocations=41 (full 0):
 garbage-first heap   total 92160K, used 71731K [0x0000000080000000, 0x0000000100000000)
  region size 1024K, 17 young (17408K), 1 survivors (1024K)
 Metaspace       used 47642K, capacity 49074K, committed 49280K, reserved 1091584K
  class space    used 6065K, capacity 6505K, committed 6528K, reserved 1048576K
}
Event: 34.100 GC heap after
{Heap after GC invocations=42 (full 0):
 garbage-first heap   total 92160K, used 56520K [0x0000000080000000, 0x0000000100000000)
  region size 1024K, 2 young (2048K), 2 survivors (2048K)
 Metaspace       used 47642K, capacity 49074K, committed 49280K, reserved 1091584K
  class space    used 6065K, capacity 6505K, committed 6528K, reserved 1048576K
}
Event: 36.040 GC heap before
{Heap before GC invocations=42 (full 0):
 garbage-first heap   total 92160K, used 70856K [0x0000000080000000, 0x0000000100000000)
  region size 1024K, 16 young (16384K), 2 survivors (2048K)
 Metaspace       used 48406K, capacity 49899K, committed 50048K, reserved 1093632K
  class space    used 6198K, capacity 6693K, committed 6784K, reserved 1048576K
}
Event: 36.051 GC heap after
{Heap after GC invocations=43 (full 0):
 garbage-first heap   total 92160K, used 57383K [0x0000000080000000, 0x0000000100000000)
  region size 1024K, 1 young (1024K), 1 survivors (1024K)
 Metaspace       used 48406K, capacity 49899K, committed 50048K, reserved 1093632K
  class space    used 6198K, capacity 6693K, committed 6784K, reserved 1048576K
}
Event: 37.412 GC heap before
{Heap before GC invocations=44 (full 0):
 garbage-first heap   total 92160K, used 72743K [0x0000000080000000, 0x0000000100000000)
  region size 1024K, 16 young (16384K), 1 survivors (1024K)
 Metaspace       used 49522K, capacity 51037K, committed 51200K, reserved 1093632K
  class space    used 6364K, capacity 6881K, committed 6912K, reserved 1048576K
}
Event: 37.418 GC heap after
{Heap after GC invocations=45 (full 0):
 garbage-first heap   total 92160K, used 57731K [0x0000000080000000, 0x0000000100000000)
  region size 1024K, 1 young (1024K), 1 survivors (1024K)
 Metaspace       used 49522K, capacity 51037K, committed 51200K, reserved 1093632K
  class space    used 6364K, capacity 6881K, committed 6912K, reserved 1048576K
}
Event: 39.581 GC heap before
{Heap before GC invocations=45 (full 0):
 garbage-first heap   total 92160K, used 73091K [0x0000000080000000, 0x0000000100000000)
  region size 1024K, 16 young (16384K), 1 survivors (1024K)
 Metaspace       used 50418K, capacity 52021K, committed 52352K, reserved 1095680K
  class space    used 6444K, capacity 6950K, committed 7040K, reserved 1048576K
}
Event: 39.590 GC heap after
{Heap after GC invocations=46 (full 0):
 garbage-first heap   total 92160K, used 58811K [0x0000000080000000, 0x0000000100000000)
  region size 1024K, 2 young (2048K), 2 survivors (2048K)
 Metaspace       used 50418K, capacity 52021K, committed 52352K, reserved 1095680K
  class space    used 6444K, capacity 6950K, committed 7040K, reserved 1048576K
}
Event: 40.652 GC heap before
{Heap before GC invocations=47 (full 0):
 garbage-first heap   total 92160K, used 65979K [0x0000000080000000, 0x0000000100000000)
  region size 1024K, 10 young (10240K), 2 survivors (2048K)
 Metaspace       used 50750K, capacity 52274K, committed 52352K, reserved 1101824K
  class space    used 6474K, capacity 6992K, committed 7040K, reserved 1048576K
}
Event: 40.686 GC heap after
{Heap after GC invocations=48 (full 0):
 garbage-first heap   total 92160K, used 59046K [0x0000000080000000, 0x0000000100000000)
  region size 1024K, 2 young (2048K), 2 survivors (2048K)
 Metaspace       used 50750K, capacity 52274K, committed 52352K, reserved 1101824K
  class space    used 6474K, capacity 6992K, committed 7040K, reserved 1048576K
}

