# JRE version: OpenJDK Runtime Environment (11.0.11+9) (build 11.0.11+9-b60-7590822)
# Java VM: OpenJDK 64-Bit Server VM (11.0.11+9-b60-7590822, mixed mode, tiered, compressed oops, g1 gc, windows-amd64)
Heap:
 garbage-first heap   total 101376K, used 72254K [0x0000000080000000, 0x0000000100000000)
  region size 1024K, 17 young (17408K), 2 survivors (2048K)
 Metaspace       used 50703K, capacity 52318K, committed 52604K, reserved 1095680K
  class space    used 6455K, capacity 7020K, committed 7116K, reserved 1048576K
GC Heap History (20 events):
Event: 44.773 GC heap before
{Heap before GC invocations=50 (full 0):
 garbage-first heap   total 63488K, used 53351K [0x0000000080000000, 0x0000000100000000)
  region size 1024K, 4 young (4096K), 1 survivors (1024K)
 Metaspace       used 46195K, capacity 47507K, committed 47740K, reserved 1091584K
  class space    used 5809K, capacity 6234K, committed 6348K, reserved 1048576K
}
Event: 44.778 GC heap after
{Heap after GC invocations=51 (full 0):
 garbage-first heap   total 63488K, used 50628K [0x0000000080000000, 0x0000000100000000)
  region size 1024K, 1 young (1024K), 1 survivors (1024K)
 Metaspace       used 46195K, capacity 47507K, committed 47740K, reserved 1091584K
  class space    used 5809K, capacity 6234K, committed 6348K, reserved 1048576K
}
Event: 44.996 GC heap before
{Heap before GC invocations=51 (full 0):
 garbage-first heap   total 63488K, used 53700K [0x0000000080000000, 0x0000000100000000)
  region size 1024K, 4 young (4096K), 1 survivors (1024K)
 Metaspace       used 46375K, capacity 47702K, committed 47996K, reserved 1091584K
  class space    used 5840K, capacity 6299K, committed 6348K, reserved 1048576K
}
Event: 45.000 GC heap after
{Heap after GC invocations=52 (full 0):
 garbage-first heap   total 63488K, used 50680K [0x0000000080000000, 0x0000000100000000)
  region size 1024K, 1 young (1024K), 1 survivors (1024K)
 Metaspace       used 46375K, capacity 47702K, committed 47996K, reserved 1091584K
  class space    used 5840K, capacity 6299K, committed 6348K, reserved 1048576K
}
Event: 45.241 GC heap before
{Heap before GC invocations=53 (full 0):
 garbage-first heap   total 63488K, used 52728K [0x0000000080000000, 0x0000000100000000)
  region size 1024K, 3 young (3072K), 1 survivors (1024K)
 Metaspace       used 46557K, capacity 47833K, committed 47996K, reserved 1091584K
  class space    used 5874K, capacity 6300K, committed 6348K, reserved 1048576K
}
Event: 45.246 GC heap after
{Heap after GC invocations=54 (full 0):
 garbage-first heap   total 63488K, used 50749K [0x0000000080000000, 0x0000000100000000)
  region size 1024K, 1 young (1024K), 1 survivors (1024K)
 Metaspace       used 46557K, capacity 47833K, committed 47996K, reserved 1091584K
  class space    used 5874K, capacity 6300K, committed 6348K, reserved 1048576K
}
Event: 45.656 GC heap before
{Heap before GC invocations=54 (full 0):
 garbage-first heap   total 63488K, used 55869K [0x0000000080000000, 0x0000000100000000)
  region size 1024K, 3 young (3072K), 1 survivors (1024K)
 Metaspace       used 46720K, capacity 48011K, committed 48252K, reserved 1091584K
  class space    used 5903K, capacity 6337K, committed 6348K, reserved 1048576K
}
Event: 45.670 GC heap after
{Heap after GC invocations=55 (full 0):
 garbage-first heap   total 76800K, used 54568K [0x0000000080000000, 0x0000000100000000)
  region size 1024K, 1 young (1024K), 1 survivors (1024K)
 Metaspace       used 46720K, capacity 48011K, committed 48252K, reserved 1091584K
  class space    used 5903K, capacity 6337K, committed 6348K, reserved 1048576K
}
Event: 45.895 GC heap before
{Heap before GC invocations=55 (full 0):
 garbage-first heap   total 76800K, used 60712K [0x0000000080000000, 0x0000000100000000)
  region size 1024K, 7 young (7168K), 1 survivors (1024K)
 Metaspace       used 46952K, capacity 48241K, committed 48380K, reserved 1091584K
  class space    used 5943K, capacity 6371K, committed 6476K, reserved 1048576K
}
Event: 45.903 GC heap after
{Heap after GC invocations=56 (full 0):
 garbage-first heap   total 76800K, used 55590K [0x0000000080000000, 0x0000000100000000)
  region size 1024K, 1 young (1024K), 1 survivors (1024K)
 Metaspace       used 46952K, capacity 48241K, committed 48380K, reserved 1091584K
  class space    used 5943K, capacity 6371K, committed 6476K, reserved 1048576K
}
Event: 46.178 GC heap before
{Heap before GC invocations=57 (full 0):
 garbage-first heap   total 76800K, used 61734K [0x0000000080000000, 0x0000000100000000)
  region size 1024K, 7 young (7168K), 1 survivors (1024K)
 Metaspace       used 47342K, capacity 48572K, committed 48636K, reserved 1091584K
  class space    used 5998K, capacity 6436K, committed 6476K, reserved 1048576K
}
Event: 46.183 GC heap after
{Heap after GC invocations=58 (full 0):
 garbage-first heap   total 76800K, used 56025K [0x0000000080000000, 0x0000000100000000)
  region size 1024K, 1 young (1024K), 1 survivors (1024K)
 Metaspace       used 47342K, capacity 48572K, committed 48636K, reserved 1091584K
  class space    used 5998K, capacity 6436K, committed 6476K, reserved 1048576K
}
Event: 46.655 GC heap before
{Heap before GC invocations=58 (full 0):
 garbage-first heap   total 76800K, used 62169K [0x0000000080000000, 0x0000000100000000)
  region size 1024K, 7 young (7168K), 1 survivors (1024K)
 Metaspace       used 47729K, capacity 49097K, committed 49276K, reserved 1091584K
  class space    used 6063K, capacity 6509K, committed 6604K, reserved 1048576K
}
Event: 46.659 GC heap after
{Heap after GC invocations=59 (full 0):
 garbage-first heap   total 76800K, used 56270K [0x0000000080000000, 0x0000000100000000)
  region size 1024K, 1 young (1024K), 1 survivors (1024K)
 Metaspace       used 47729K, capacity 49097K, committed 49276K, reserved 1091584K
  class space    used 6063K, capacity 6509K, committed 6604K, reserved 1048576K
}
Event: 46.829 GC heap before
{Heap before GC invocations=59 (full 0):
 garbage-first heap   total 76800K, used 62414K [0x0000000080000000, 0x0000000100000000)
  region size 1024K, 7 young (7168K), 1 survivors (1024K)
 Metaspace       used 47965K, capacity 49310K, committed 49532K, reserved 1091584K
  class space    used 6110K, capacity 6580K, committed 6604K, reserved 1048576K
}
Event: 46.834 GC heap after
{Heap after GC invocations=60 (full 0):
 garbage-first heap   total 101376K, used 56438K [0x0000000080000000, 0x0000000100000000)
  region size 1024K, 1 young (1024K), 1 survivors (1024K)
 Metaspace       used 47965K, capacity 49310K, committed 49532K, reserved 1091584K
  class space    used 6110K, capacity 6580K, committed 6604K, reserved 1048576K
}
Event: 47.875 GC heap before
{Heap before GC invocations=60 (full 0):
 garbage-first heap   total 101376K, used 71798K [0x0000000080000000, 0x0000000100000000)
  region size 1024K, 17 young (17408K), 1 survivors (1024K)
 Metaspace       used 49201K, capacity 50712K, committed 50812K, reserved 1093632K
  class space    used 6313K, capacity 6814K, committed 6860K, reserved 1048576K
}
Event: 47.881 GC heap after
{Heap after GC invocations=61 (full 0):
 garbage-first heap   total 101376K, used 56997K [0x0000000080000000, 0x0000000100000000)
  region size 1024K, 2 young (2048K), 2 survivors (2048K)
 Metaspace       used 49201K, capacity 50712K, committed 50812K, reserved 1093632K
  class space    used 6313K, capacity 6814K, committed 6860K, reserved 1048576K
}
Event: 50.721 GC heap before
{Heap before GC invocations=61 (full 0):
 garbage-first heap   total 101376K, used 74405K [0x0000000080000000, 0x0000000100000000)
  region size 1024K, 19 young (19456K), 2 survivors (2048K)
 Metaspace       used 50188K, capacity 51686K, committed 51964K, reserved 1093632K
  class space    used 6421K, capacity 6964K, committed 6988K, reserved 1048576K
}
Event: 50.731 GC heap after
{Heap after GC invocations=62 (full 0):
 garbage-first heap   total 101376K, used 57918K [0x0000000080000000, 0x0000000100000000)
  region size 1024K, 2 young (2048K), 2 survivors (2048K)
 Metaspace       used 50188K, capacity 51686K, committed 51964K, reserved 1093632K
  class space    used 6421K, capacity 6964K, committed 6988K, reserved 1048576K
}

