# JRE version: OpenJDK Runtime Environment (11.0.11+9) (build 11.0.11+9-b60-7590822)
# Java VM: OpenJDK 64-Bit Server VM (11.0.11+9-b60-7590822, mixed mode, tiered, compressed oops, g1 gc, windows-amd64)
Heap:
 garbage-first heap   total 110592K, used 63572K [0x0000000080000000, 0x0000000100000000)
  region size 1024K, 8 young (8192K), 2 survivors (2048K)
 Metaspace       used 50780K, capacity 52295K, committed 52352K, reserved 1095680K
  class space    used 6455K, capacity 7016K, committed 7040K, reserved 1048576K
GC Heap History (20 events):
Event: 45.466 GC heap before
{Heap before GC invocations=47 (full 0):
 garbage-first heap   total 63488K, used 51827K [0x0000000080000000, 0x0000000100000000)
  region size 1024K, 3 young (3072K), 1 survivors (1024K)
 Metaspace       used 46615K, capacity 47843K, committed 48128K, reserved 1091584K
  class space    used 5894K, capacity 6329K, committed 6400K, reserved 1048576K
}
Event: 45.470 GC heap after
{Heap after GC invocations=48 (full 0):
 garbage-first heap   total 63488K, used 49894K [0x0000000080000000, 0x0000000100000000)
  region size 1024K, 1 young (1024K), 1 survivors (1024K)
 Metaspace       used 46615K, capacity 47843K, committed 48128K, reserved 1091584K
  class space    used 5894K, capacity 6329K, committed 6400K, reserved 1048576K
}
Event: 45.732 GC heap before
{Heap before GC invocations=49 (full 0):
 garbage-first heap   total 63488K, used 56038K [0x0000000080000000, 0x0000000100000000)
  region size 1024K, 3 young (3072K), 1 survivors (1024K)
 Metaspace       used 46666K, capacity 47864K, committed 48128K, reserved 1091584K
  class space    used 5903K, capacity 6335K, committed 6400K, reserved 1048576K
}
Event: 45.737 GC heap after
{Heap after GC invocations=50 (full 0):
 garbage-first heap   total 76800K, used 54636K [0x0000000080000000, 0x0000000100000000)
  region size 1024K, 1 young (1024K), 1 survivors (1024K)
 Metaspace       used 46666K, capacity 47864K, committed 48128K, reserved 1091584K
  class space    used 5903K, capacity 6335K, committed 6400K, reserved 1048576K
}
Event: 45.954 GC heap before
{Heap before GC invocations=50 (full 0):
 garbage-first heap   total 76800K, used 59756K [0x0000000080000000, 0x0000000100000000)
  region size 1024K, 7 young (7168K), 1 survivors (1024K)
 Metaspace       used 47023K, capacity 48249K, committed 48384K, reserved 1091584K
  class space    used 5960K, capacity 6399K, committed 6400K, reserved 1048576K
}
Event: 45.960 GC heap after
{Heap after GC invocations=51 (full 0):
 garbage-first heap   total 76800K, used 55512K [0x0000000080000000, 0x0000000100000000)
  region size 1024K, 1 young (1024K), 1 survivors (1024K)
 Metaspace       used 47023K, capacity 48249K, committed 48384K, reserved 1091584K
  class space    used 5960K, capacity 6399K, committed 6400K, reserved 1048576K
}
Event: 46.392 GC heap before
{Heap before GC invocations=52 (full 0):
 garbage-first heap   total 76800K, used 60632K [0x0000000080000000, 0x0000000100000000)
  region size 1024K, 6 young (6144K), 1 survivors (1024K)
 Metaspace       used 47326K, capacity 48490K, committed 48768K, reserved 1091584K
  class space    used 6006K, capacity 6434K, committed 6528K, reserved 1048576K
}
Event: 46.396 GC heap after
{Heap after GC invocations=53 (full 0):
 garbage-first heap   total 76800K, used 55536K [0x0000000080000000, 0x0000000100000000)
  region size 1024K, 1 young (1024K), 1 survivors (1024K)
 Metaspace       used 47326K, capacity 48490K, committed 48768K, reserved 1091584K
  class space    used 6006K, capacity 6434K, committed 6528K, reserved 1048576K
}
Event: 46.874 GC heap before
{Heap before GC invocations=53 (full 0):
 garbage-first heap   total 76800K, used 61680K [0x0000000080000000, 0x0000000100000000)
  region size 1024K, 7 young (7168K), 1 survivors (1024K)
 Metaspace       used 47677K, capacity 49009K, committed 49280K, reserved 1091584K
  class space    used 6063K, capacity 6505K, committed 6528K, reserved 1048576K
}
Event: 46.879 GC heap after
{Heap after GC invocations=54 (full 0):
 garbage-first heap   total 76800K, used 55835K [0x0000000080000000, 0x0000000100000000)
  region size 1024K, 1 young (1024K), 1 survivors (1024K)
 Metaspace       used 47677K, capacity 49009K, committed 49280K, reserved 1091584K
  class space    used 6063K, capacity 6505K, committed 6528K, reserved 1048576K
}
Event: 47.206 GC heap before
{Heap before GC invocations=55 (full 0):
 garbage-first heap   total 76800K, used 61979K [0x0000000080000000, 0x0000000100000000)
  region size 1024K, 7 young (7168K), 1 survivors (1024K)
 Metaspace       used 47942K, capacity 49222K, committed 49408K, reserved 1091584K
  class space    used 6113K, capacity 6576K, committed 6656K, reserved 1048576K
}
Event: 47.212 GC heap after
{Heap after GC invocations=56 (full 0):
 garbage-first heap   total 92160K, used 56059K [0x0000000080000000, 0x0000000100000000)
  region size 1024K, 1 young (1024K), 1 survivors (1024K)
 Metaspace       used 47942K, capacity 49222K, committed 49408K, reserved 1091584K
  class space    used 6113K, capacity 6576K, committed 6656K, reserved 1048576K
}
Event: 47.990 GC heap before
{Heap before GC invocations=56 (full 0):
 garbage-first heap   total 92160K, used 67323K [0x0000000080000000, 0x0000000100000000)
  region size 1024K, 12 young (12288K), 1 survivors (1024K)
 Metaspace       used 48796K, capacity 50196K, committed 50304K, reserved 1093632K
  class space    used 6257K, capacity 6774K, committed 6784K, reserved 1048576K
}
Event: 47.997 GC heap after
{Heap after GC invocations=57 (full 0):
 garbage-first heap   total 92160K, used 56645K [0x0000000080000000, 0x0000000100000000)
  region size 1024K, 2 young (2048K), 2 survivors (2048K)
 Metaspace       used 48796K, capacity 50196K, committed 50304K, reserved 1093632K
  class space    used 6257K, capacity 6774K, committed 6784K, reserved 1048576K
}
Event: 48.805 GC heap before
{Heap before GC invocations=58 (full 0):
 garbage-first heap   total 92160K, used 68933K [0x0000000080000000, 0x0000000100000000)
  region size 1024K, 14 young (14336K), 2 survivors (2048K)
 Metaspace       used 49732K, capacity 51269K, committed 51584K, reserved 1093632K
  class space    used 6385K, capacity 6917K, committed 7040K, reserved 1048576K
}
Event: 48.812 GC heap after
{Heap after GC invocations=59 (full 0):
 garbage-first heap   total 92160K, used 56831K [0x0000000080000000, 0x0000000100000000)
  region size 1024K, 1 young (1024K), 1 survivors (1024K)
 Metaspace       used 49732K, capacity 51269K, committed 51584K, reserved 1093632K
  class space    used 6385K, capacity 6917K, committed 7040K, reserved 1048576K
}
Event: 51.065 GC heap before
{Heap before GC invocations=59 (full 0):
 garbage-first heap   total 92160K, used 70143K [0x0000000080000000, 0x0000000100000000)
  region size 1024K, 14 young (14336K), 1 survivors (1024K)
 Metaspace       used 50226K, capacity 51728K, committed 51840K, reserved 1093632K
  class space    used 6421K, capacity 6960K, committed 7040K, reserved 1048576K
}
Event: 51.077 GC heap after
{Heap after GC invocations=60 (full 0):
 garbage-first heap   total 92160K, used 57818K [0x0000000080000000, 0x0000000100000000)
  region size 1024K, 2 young (2048K), 2 survivors (2048K)
 Metaspace       used 50226K, capacity 51728K, committed 51840K, reserved 1093632K
  class space    used 6421K, capacity 6960K, committed 7040K, reserved 1048576K
}
Event: 53.009 GC heap before
{Heap before GC invocations=61 (full 0):
 garbage-first heap   total 92160K, used 70106K [0x0000000080000000, 0x0000000100000000)
  region size 1024K, 15 young (15360K), 2 survivors (2048K)
 Metaspace       used 50664K, capacity 52162K, committed 52352K, reserved 1095680K
  class space    used 6455K, capacity 7016K, committed 7040K, reserved 1048576K
}
Event: 53.021 GC heap after
{Heap after GC invocations=62 (full 0):
 garbage-first heap   total 110592K, used 58452K [0x0000000080000000, 0x0000000100000000)
  region size 1024K, 2 young (2048K), 2 survivors (2048K)
 Metaspace       used 50664K, capacity 52162K, committed 52352K, reserved 1095680K
  class space    used 6455K, capacity 7016K, committed 7040K, reserved 1048576K
}

